# JRE version: OpenJDK Runtime Environment (17.0.6) (build 17.0.6+0-b2043.56-10027231)
# Java VM: OpenJDK 64-Bit Server VM (17.0.6+0-b2043.56-10027231, mixed mode, tiered, compressed oops, compressed class ptrs, g1 gc, windows-amd64)
GC Precious Log:
 CPUs: 4 total, 4 available
 Memory: 6069M
 Large Page Support: Disabled
 NUMA Support: Disabled
 Compressed Oops: Enabled (32-bit)
 Heap Region Size: 1M
 Heap Min Capacity: 8M
 Heap Initial Capacity: 96M
 Heap Max Capacity: 2G
 Pre-touch: Disabled
 Parallel Workers: 4
 Concurrent Workers: 1
 Concurrent Refinement Workers: 4
 Periodic GC: Disabled
Heap:
 garbage-first heap   total 336896K, used 261933K [0x0000000080000000, 0x0000000100000000)
  region size 1024K, 83 young (84992K), 9 survivors (9216K)
 Metaspace       used 111829K, committed 112768K, reserved 1146880K
  class space    used 14654K, committed 15104K, reserved 1048576K
GC Heap History (20 events):
Event: 32.790 GC heap before
{Heap before GC invocations=51 (full 0):
 garbage-first heap   total 248832K, used 206752K [0x0000000080000000, 0x0000000100000000)
  region size 1024K, 49 young (50176K), 4 survivors (4096K)
 Metaspace       used 90920K, committed 91648K, reserved 1130496K
  class space    used 12250K, committed 12608K, reserved 1048576K
}
Event: 32.796 GC heap after
{Heap after GC invocations=52 (full 0):
 garbage-first heap   total 248832K, used 162311K [0x0000000080000000, 0x0000000100000000)
  region size 1024K, 5 young (5120K), 5 survivors (5120K)
 Metaspace       used 90920K, committed 91648K, reserved 1130496K
  class space    used 12250K, committed 12608K, reserved 1048576K
}
Event: 33.468 GC heap before
{Heap before GC invocations=52 (full 0):
 garbage-first heap   total 248832K, used 206343K [0x0000000080000000, 0x0000000100000000)
  region size 1024K, 48 young (49152K), 5 survivors (5120K)
 Metaspace       used 90920K, committed 91648K, reserved 1130496K
  class space    used 12250K, committed 12608K, reserved 1048576K
}
Event: 33.474 GC heap after
{Heap after GC invocations=53 (full 0):
 garbage-first heap   total 248832K, used 163722K [0x0000000080000000, 0x0000000100000000)
  region size 1024K, 4 young (4096K), 4 survivors (4096K)
 Metaspace       used 90920K, committed 91648K, reserved 1130496K
  class space    used 12250K, committed 12608K, reserved 1048576K
}
Event: 33.964 GC heap before
{Heap before GC invocations=53 (full 0):
 garbage-first heap   total 248832K, used 208778K [0x0000000080000000, 0x0000000100000000)
  region size 1024K, 48 young (49152K), 4 survivors (4096K)
 Metaspace       used 90920K, committed 91648K, reserved 1130496K
  class space    used 12250K, committed 12608K, reserved 1048576K
}
Event: 33.969 GC heap after
{Heap after GC invocations=54 (full 0):
 garbage-first heap   total 248832K, used 165168K [0x0000000080000000, 0x0000000100000000)
  region size 1024K, 4 young (4096K), 4 survivors (4096K)
 Metaspace       used 90920K, committed 91648K, reserved 1130496K
  class space    used 12250K, committed 12608K, reserved 1048576K
}
Event: 34.544 GC heap before
{Heap before GC invocations=54 (full 0):
 garbage-first heap   total 248832K, used 209200K [0x0000000080000000, 0x0000000100000000)
  region size 1024K, 47 young (48128K), 4 survivors (4096K)
 Metaspace       used 90920K, committed 91648K, reserved 1130496K
  class space    used 12250K, committed 12608K, reserved 1048576K
}
Event: 34.551 GC heap after
{Heap after GC invocations=55 (full 0):
 garbage-first heap   total 248832K, used 166538K [0x0000000080000000, 0x0000000100000000)
  region size 1024K, 4 young (4096K), 4 survivors (4096K)
 Metaspace       used 90920K, committed 91648K, reserved 1130496K
  class space    used 12250K, committed 12608K, reserved 1048576K
}
Event: 35.242 GC heap before
{Heap before GC invocations=55 (full 0):
 garbage-first heap   total 248832K, used 210570K [0x0000000080000000, 0x0000000100000000)
  region size 1024K, 47 young (48128K), 4 survivors (4096K)
 Metaspace       used 90920K, committed 91648K, reserved 1130496K
  class space    used 12250K, committed 12608K, reserved 1048576K
}
Event: 35.247 GC heap after
{Heap after GC invocations=56 (full 0):
 garbage-first heap   total 248832K, used 167999K [0x0000000080000000, 0x0000000100000000)
  region size 1024K, 4 young (4096K), 4 survivors (4096K)
 Metaspace       used 90920K, committed 91648K, reserved 1130496K
  class space    used 12250K, committed 12608K, reserved 1048576K
}
Event: 35.443 GC heap before
{Heap before GC invocations=56 (full 0):
 garbage-first heap   total 248832K, used 190527K [0x0000000080000000, 0x0000000100000000)
  region size 1024K, 17 young (17408K), 4 survivors (4096K)
 Metaspace       used 90960K, committed 91648K, reserved 1130496K
  class space    used 12260K, committed 12608K, reserved 1048576K
}
Event: 35.450 GC heap after
{Heap after GC invocations=57 (full 0):
 garbage-first heap   total 248832K, used 178581K [0x0000000080000000, 0x0000000100000000)
  region size 1024K, 3 young (3072K), 3 survivors (3072K)
 Metaspace       used 90960K, committed 91648K, reserved 1130496K
  class space    used 12260K, committed 12608K, reserved 1048576K
}
Event: 36.074 GC heap before
{Heap before GC invocations=58 (full 0):
 garbage-first heap   total 336896K, used 210325K [0x0000000080000000, 0x0000000100000000)
  region size 1024K, 28 young (28672K), 3 survivors (3072K)
 Metaspace       used 91627K, committed 92352K, reserved 1130496K
  class space    used 12318K, committed 12672K, reserved 1048576K
}
Event: 36.100 GC heap after
{Heap after GC invocations=59 (full 0):
 garbage-first heap   total 336896K, used 175447K [0x0000000080000000, 0x0000000100000000)
  region size 1024K, 4 young (4096K), 4 survivors (4096K)
 Metaspace       used 91627K, committed 92352K, reserved 1130496K
  class space    used 12318K, committed 12672K, reserved 1048576K
}
Event: 36.605 GC heap before
{Heap before GC invocations=59 (full 0):
 garbage-first heap   total 336896K, used 187735K [0x0000000080000000, 0x0000000100000000)
  region size 1024K, 16 young (16384K), 4 survivors (4096K)
 Metaspace       used 93894K, committed 94592K, reserved 1130496K
  class space    used 12536K, committed 12864K, reserved 1048576K
}
Event: 36.614 GC heap after
{Heap after GC invocations=60 (full 0):
 garbage-first heap   total 336896K, used 174110K [0x0000000080000000, 0x0000000100000000)
  region size 1024K, 1 young (1024K), 1 survivors (1024K)
 Metaspace       used 93894K, committed 94592K, reserved 1130496K
  class space    used 12536K, committed 12864K, reserved 1048576K
}
Event: 39.382 GC heap before
{Heap before GC invocations=60 (full 0):
 garbage-first heap   total 336896K, used 253982K [0x0000000080000000, 0x0000000100000000)
  region size 1024K, 79 young (80896K), 1 survivors (1024K)
 Metaspace       used 102252K, committed 103104K, reserved 1138688K
  class space    used 13652K, committed 14080K, reserved 1048576K
}
Event: 39.396 GC heap after
{Heap after GC invocations=61 (full 0):
 garbage-first heap   total 336896K, used 181673K [0x0000000080000000, 0x0000000100000000)
  region size 1024K, 9 young (9216K), 9 survivors (9216K)
 Metaspace       used 102252K, committed 103104K, reserved 1138688K
  class space    used 13652K, committed 14080K, reserved 1048576K
}
Event: 41.740 GC heap before
{Heap before GC invocations=61 (full 0):
 garbage-first heap   total 336896K, used 258473K [0x0000000080000000, 0x0000000100000000)
  region size 1024K, 85 young (87040K), 9 survivors (9216K)
 Metaspace       used 104324K, committed 105152K, reserved 1146880K
  class space    used 13867K, committed 14272K, reserved 1048576K
}
Event: 41.757 GC heap after
{Heap after GC invocations=62 (full 0):
 garbage-first heap   total 336896K, used 188205K [0x0000000080000000, 0x0000000100000000)
  region size 1024K, 9 young (9216K), 9 survivors (9216K)
 Metaspace       used 104324K, committed 105152K, reserved 1146880K
  class space    used 13867K, committed 14272K, reserved 1048576K
}

