# JRE version: OpenJDK Runtime Environment (17.0.6) (build 17.0.6+0-b2043.56-10027231)
# Java VM: OpenJDK 64-Bit Server VM (17.0.6+0-b2043.56-10027231, mixed mode, tiered, compressed oops, compressed class ptrs, g1 gc, windows-amd64)
GC Precious Log:
 CPUs: 4 total, 4 available
 Memory: 6069M
 Large Page Support: Disabled
 NUMA Support: Disabled
 Compressed Oops: Enabled (32-bit)
 Heap Region Size: 1M
 Heap Min Capacity: 8M
 Heap Initial Capacity: 96M
 Heap Max Capacity: 2G
 Pre-touch: Disabled
 Parallel Workers: 4
 Concurrent Workers: 1
 Concurrent Refinement Workers: 4
 Periodic GC: Disabled
Heap:
 garbage-first heap   total 521216K, used 350417K [0x0000000080000000, 0x0000000100000000)
  region size 1024K, 108 young (110592K), 14 survivors (14336K)
 Metaspace       used 155851K, committed 157056K, reserved 1187840K
  class space    used 20501K, committed 21120K, reserved 1048576K
GC Heap History (20 events):
Event: 627.128 GC heap before
{Heap before GC invocations=57 (full 0):
 garbage-first heap   total 311296K, used 266580K [0x0000000080000000, 0x0000000100000000)
  region size 1024K, 48 young (49152K), 8 survivors (8192K)
 Metaspace       used 118531K, committed 119488K, reserved 1155072K
  class space    used 15532K, committed 16000K, reserved 1048576K
}
Event: 627.260 GC heap after
{Heap after GC invocations=58 (full 0):
 garbage-first heap   total 311296K, used 234960K [0x0000000080000000, 0x0000000100000000)
  region size 1024K, 6 young (6144K), 6 survivors (6144K)
 Metaspace       used 118531K, committed 119488K, reserved 1155072K
  class space    used 15532K, committed 16000K, reserved 1048576K
}
Event: 627.452 GC heap before
{Heap before GC invocations=58 (full 0):
 garbage-first heap   total 311296K, used 261584K [0x0000000080000000, 0x0000000100000000)
  region size 1024K, 32 young (32768K), 6 survivors (6144K)
 Metaspace       used 118564K, committed 119488K, reserved 1155072K
  class space    used 15535K, committed 16000K, reserved 1048576K
}
Event: 627.471 GC heap after
{Heap after GC invocations=59 (full 0):
 garbage-first heap   total 311296K, used 238543K [0x0000000080000000, 0x0000000100000000)
  region size 1024K, 3 young (3072K), 3 survivors (3072K)
 Metaspace       used 118564K, committed 119488K, reserved 1155072K
  class space    used 15535K, committed 16000K, reserved 1048576K
}
Event: 628.085 GC heap before
{Heap before GC invocations=59 (full 0):
 garbage-first heap   total 311296K, used 280527K [0x0000000080000000, 0x0000000100000000)
  region size 1024K, 28 young (28672K), 3 survivors (3072K)
 Metaspace       used 120232K, committed 121216K, reserved 1155072K
  class space    used 15673K, committed 16128K, reserved 1048576K
}
Event: 628.097 GC heap after
{Heap after GC invocations=60 (full 0):
 garbage-first heap   total 311296K, used 240923K [0x0000000080000000, 0x0000000100000000)
  region size 1024K, 3 young (3072K), 3 survivors (3072K)
 Metaspace       used 120232K, committed 121216K, reserved 1155072K
  class space    used 15673K, committed 16128K, reserved 1048576K
}
Event: 628.583 GC heap before
{Heap before GC invocations=60 (full 0):
 garbage-first heap   total 311296K, used 264475K [0x0000000080000000, 0x0000000100000000)
  region size 1024K, 27 young (27648K), 3 survivors (3072K)
 Metaspace       used 121356K, committed 122432K, reserved 1163264K
  class space    used 15790K, committed 16320K, reserved 1048576K
}
Event: 628.592 GC heap after
{Heap after GC invocations=61 (full 0):
 garbage-first heap   total 311296K, used 243973K [0x0000000080000000, 0x0000000100000000)
  region size 1024K, 4 young (4096K), 4 survivors (4096K)
 Metaspace       used 121356K, committed 122432K, reserved 1163264K
  class space    used 15790K, committed 16320K, reserved 1048576K
}
Event: 628.937 GC heap before
{Heap before GC invocations=61 (full 0):
 garbage-first heap   total 311296K, used 266501K [0x0000000080000000, 0x0000000100000000)
  region size 1024K, 27 young (27648K), 4 survivors (4096K)
 Metaspace       used 122060K, committed 123072K, reserved 1163264K
  class space    used 15874K, committed 16384K, reserved 1048576K
}
Event: 628.947 GC heap after
{Heap after GC invocations=62 (full 0):
 garbage-first heap   total 311296K, used 246659K [0x0000000080000000, 0x0000000100000000)
  region size 1024K, 3 young (3072K), 3 survivors (3072K)
 Metaspace       used 122060K, committed 123072K, reserved 1163264K
  class space    used 15874K, committed 16384K, reserved 1048576K
}
Event: 629.241 GC heap before
{Heap before GC invocations=62 (full 0):
 garbage-first heap   total 311296K, used 268163K [0x0000000080000000, 0x0000000100000000)
  region size 1024K, 25 young (25600K), 3 survivors (3072K)
 Metaspace       used 124515K, committed 125568K, reserved 1163264K
  class space    used 16105K, committed 16640K, reserved 1048576K
}
Event: 629.251 GC heap after
{Heap after GC invocations=63 (full 0):
 garbage-first heap   total 521216K, used 250497K [0x0000000080000000, 0x0000000100000000)
  region size 1024K, 4 young (4096K), 4 survivors (4096K)
 Metaspace       used 124515K, committed 125568K, reserved 1163264K
  class space    used 16105K, committed 16640K, reserved 1048576K
}
Event: 639.064 GC heap before
{Heap before GC invocations=63 (full 0):
 garbage-first heap   total 521216K, used 381569K [0x0000000080000000, 0x0000000100000000)
  region size 1024K, 134 young (137216K), 4 survivors (4096K)
 Metaspace       used 126614K, committed 127680K, reserved 1163264K
  class space    used 16355K, committed 16896K, reserved 1048576K
}
Event: 639.097 GC heap after
{Heap after GC invocations=64 (full 0):
 garbage-first heap   total 521216K, used 257686K [0x0000000080000000, 0x0000000100000000)
  region size 1024K, 11 young (11264K), 11 survivors (11264K)
 Metaspace       used 126614K, committed 127680K, reserved 1163264K
  class space    used 16355K, committed 16896K, reserved 1048576K
}
Event: 666.202 GC heap before
{Heap before GC invocations=65 (full 0):
 garbage-first heap   total 521216K, used 389782K [0x0000000080000000, 0x0000000100000000)
  region size 1024K, 154 young (157696K), 11 survivors (11264K)
 Metaspace       used 128241K, committed 129280K, reserved 1163264K
  class space    used 16540K, committed 17088K, reserved 1048576K
}
Event: 666.240 GC heap after
{Heap after GC invocations=66 (full 0):
 garbage-first heap   total 521216K, used 256850K [0x0000000080000000, 0x0000000100000000)
  region size 1024K, 20 young (20480K), 20 survivors (20480K)
 Metaspace       used 128241K, committed 129280K, reserved 1163264K
  class space    used 16540K, committed 17088K, reserved 1048576K
}
Event: 666.374 GC heap before
{Heap before GC invocations=66 (full 0):
 garbage-first heap   total 521216K, used 260946K [0x0000000080000000, 0x0000000100000000)
  region size 1024K, 25 young (25600K), 20 survivors (20480K)
 Metaspace       used 128494K, committed 129536K, reserved 1163264K
  class space    used 16565K, committed 17088K, reserved 1048576K
}
Event: 666.424 GC heap after
{Heap after GC invocations=67 (full 0):
 garbage-first heap   total 521216K, used 242347K [0x0000000080000000, 0x0000000100000000)
  region size 1024K, 3 young (3072K), 3 survivors (3072K)
 Metaspace       used 128494K, committed 129536K, reserved 1163264K
  class space    used 16565K, committed 17088K, reserved 1048576K
}
Event: 670.602 GC heap before
{Heap before GC invocations=67 (full 0):
 garbage-first heap   total 521216K, used 412331K [0x0000000080000000, 0x0000000100000000)
  region size 1024K, 166 young (169984K), 3 survivors (3072K)
 Metaspace       used 148715K, committed 149888K, reserved 1179648K
  class space    used 19464K, committed 20032K, reserved 1048576K
}
Event: 670.631 GC heap after
{Heap after GC invocations=68 (full 0):
 garbage-first heap   total 521216K, used 255185K [0x0000000080000000, 0x0000000100000000)
  region size 1024K, 14 young (14336K), 14 survivors (14336K)
 Metaspace       used 148715K, committed 149888K, reserved 1179648K
  class space    used 19464K, committed 20032K, reserved 1048576K
}

