# JRE version: OpenJDK Runtime Environment (17.0.6) (build 17.0.6+0-b2043.56-10027231)
# Java VM: OpenJDK 64-Bit Server VM (17.0.6+0-b2043.56-10027231, mixed mode, tiered, compressed oops, compressed class ptrs, g1 gc, windows-amd64)
GC Precious Log:
 CPUs: 4 total, 4 available
 Memory: 6069M
 Large Page Support: Disabled
 NUMA Support: Disabled
 Compressed Oops: Enabled (32-bit)
 Heap Region Size: 1M
 Heap Min Capacity: 8M
 Heap Initial Capacity: 96M
 Heap Max Capacity: 2G
 Pre-touch: Disabled
 Parallel Workers: 4
 Concurrent Workers: 1
 Concurrent Refinement Workers: 4
 Periodic GC: Disabled
Heap:
 garbage-first heap   total 319488K, used 145455K [0x0000000080000000, 0x0000000100000000)
  region size 1024K, 5 young (5120K), 5 survivors (5120K)
 Metaspace       used 138563K, committed 139584K, reserved 1171456K
  class space    used 18321K, committed 18816K, reserved 1048576K
GC Heap History (20 events):
Event: 313.306 GC heap after
{Heap after GC invocations=50 (full 0):
 garbage-first heap   total 319488K, used 140247K [0x0000000080000000, 0x0000000100000000)
  region size 1024K, 2 young (2048K), 2 survivors (2048K)
 Metaspace       used 136564K, committed 137472K, reserved 1171456K
  class space    used 18221K, committed 18624K, reserved 1048576K
}
Event: 314.008 GC heap before
{Heap before GC invocations=50 (full 0):
 garbage-first heap   total 319488K, used 157655K [0x0000000080000000, 0x0000000100000000)
  region size 1024K, 21 young (21504K), 2 survivors (2048K)
 Metaspace       used 136659K, committed 137472K, reserved 1171456K
  class space    used 18226K, committed 18624K, reserved 1048576K
}
Event: 314.018 GC heap after
{Heap after GC invocations=51 (full 0):
 garbage-first heap   total 319488K, used 141695K [0x0000000080000000, 0x0000000100000000)
  region size 1024K, 3 young (3072K), 3 survivors (3072K)
 Metaspace       used 136659K, committed 137472K, reserved 1171456K
  class space    used 18226K, committed 18624K, reserved 1048576K
}
Event: 316.010 GC heap before
{Heap before GC invocations=52 (full 0):
 garbage-first heap   total 319488K, used 208255K [0x0000000080000000, 0x0000000100000000)
  region size 1024K, 79 young (80896K), 3 survivors (3072K)
 Metaspace       used 136995K, committed 137792K, reserved 1171456K
  class space    used 18230K, committed 18624K, reserved 1048576K
}
Event: 316.024 GC heap after
{Heap after GC invocations=53 (full 0):
 garbage-first heap   total 319488K, used 136115K [0x0000000080000000, 0x0000000100000000)
  region size 1024K, 10 young (10240K), 10 survivors (10240K)
 Metaspace       used 136995K, committed 137792K, reserved 1171456K
  class space    used 18230K, committed 18624K, reserved 1048576K
}
Event: 316.065 GC heap before
{Heap before GC invocations=53 (full 0):
 garbage-first heap   total 319488K, used 140211K [0x0000000080000000, 0x0000000100000000)
  region size 1024K, 15 young (15360K), 10 survivors (10240K)
 Metaspace       used 137023K, committed 137856K, reserved 1171456K
  class space    used 18230K, committed 18624K, reserved 1048576K
}
Event: 316.102 GC heap after
{Heap after GC invocations=54 (full 0):
 garbage-first heap   total 319488K, used 122450K [0x0000000080000000, 0x0000000100000000)
  region size 1024K, 1 young (1024K), 1 survivors (1024K)
 Metaspace       used 137023K, committed 137856K, reserved 1171456K
  class space    used 18230K, committed 18624K, reserved 1048576K
}
Event: 316.418 GC heap before
{Heap before GC invocations=54 (full 0):
 garbage-first heap   total 319488K, used 142930K [0x0000000080000000, 0x0000000100000000)
  region size 1024K, 23 young (23552K), 1 survivors (1024K)
 Metaspace       used 137089K, committed 137920K, reserved 1171456K
  class space    used 18231K, committed 18624K, reserved 1048576K
}
Event: 316.422 GC heap after
{Heap after GC invocations=55 (full 0):
 garbage-first heap   total 319488K, used 123314K [0x0000000080000000, 0x0000000100000000)
  region size 1024K, 2 young (2048K), 2 survivors (2048K)
 Metaspace       used 137089K, committed 137920K, reserved 1171456K
  class space    used 18231K, committed 18624K, reserved 1048576K
}
Event: 371.750 GC heap before
{Heap before GC invocations=56 (full 0):
 garbage-first heap   total 319488K, used 242098K [0x0000000080000000, 0x0000000100000000)
  region size 1024K, 104 young (106496K), 2 survivors (2048K)
 Metaspace       used 137612K, committed 138496K, reserved 1171456K
  class space    used 18257K, committed 18688K, reserved 1048576K
}
Event: 371.763 GC heap after
{Heap after GC invocations=57 (full 0):
 garbage-first heap   total 319488K, used 128493K [0x0000000080000000, 0x0000000100000000)
  region size 1024K, 7 young (7168K), 7 survivors (7168K)
 Metaspace       used 137612K, committed 138496K, reserved 1171456K
  class space    used 18257K, committed 18688K, reserved 1048576K
}
Event: 371.968 GC heap before
{Heap before GC invocations=57 (full 0):
 garbage-first heap   total 319488K, used 137709K [0x0000000080000000, 0x0000000100000000)
  region size 1024K, 15 young (15360K), 7 survivors (7168K)
 Metaspace       used 137637K, committed 138496K, reserved 1171456K
  class space    used 18257K, committed 18688K, reserved 1048576K
}
Event: 371.988 GC heap after
{Heap after GC invocations=58 (full 0):
 garbage-first heap   total 319488K, used 132767K [0x0000000080000000, 0x0000000100000000)
  region size 1024K, 2 young (2048K), 2 survivors (2048K)
 Metaspace       used 137637K, committed 138496K, reserved 1171456K
  class space    used 18257K, committed 18688K, reserved 1048576K
}
Event: 372.888 GC heap before
{Heap before GC invocations=58 (full 0):
 garbage-first heap   total 319488K, used 183967K [0x0000000080000000, 0x0000000100000000)
  region size 1024K, 54 young (55296K), 2 survivors (2048K)
 Metaspace       used 137924K, committed 138816K, reserved 1171456K
  class space    used 18271K, committed 18688K, reserved 1048576K
}
Event: 372.899 GC heap after
{Heap after GC invocations=59 (full 0):
 garbage-first heap   total 319488K, used 138326K [0x0000000080000000, 0x0000000100000000)
  region size 1024K, 8 young (8192K), 8 survivors (8192K)
 Metaspace       used 137924K, committed 138816K, reserved 1171456K
  class space    used 18271K, committed 18688K, reserved 1048576K
}
Event: 460.542 GC heap before
{Heap before GC invocations=60 (full 0):
 garbage-first heap   total 319488K, used 247894K [0x0000000080000000, 0x0000000100000000)
  region size 1024K, 102 young (104448K), 8 survivors (8192K)
 Metaspace       used 138388K, committed 139392K, reserved 1171456K
  class space    used 18314K, committed 18752K, reserved 1048576K
}
Event: 460.585 GC heap after
{Heap after GC invocations=61 (full 0):
 garbage-first heap   total 319488K, used 153338K [0x0000000080000000, 0x0000000100000000)
  region size 1024K, 13 young (13312K), 13 survivors (13312K)
 Metaspace       used 138388K, committed 139392K, reserved 1171456K
  class space    used 18314K, committed 18752K, reserved 1048576K
}
Event: 460.607 GC heap before
{Heap before GC invocations=61 (full 0):
 garbage-first heap   total 319488K, used 155386K [0x0000000080000000, 0x0000000100000000)
  region size 1024K, 15 young (15360K), 13 survivors (13312K)
 Metaspace       used 138391K, committed 139392K, reserved 1171456K
  class space    used 18314K, committed 18752K, reserved 1048576K
}
Event: 460.633 GC heap after
{Heap after GC invocations=62 (full 0):
 garbage-first heap   total 319488K, used 142937K [0x0000000080000000, 0x0000000100000000)
  region size 1024K, 2 young (2048K), 2 survivors (2048K)
 Metaspace       used 138391K, committed 139392K, reserved 1171456K
  class space    used 18314K, committed 18752K, reserved 1048576K
}
Event: 461.229 GC heap before
{Heap before GC invocations=62 (full 0):
 garbage-first heap   total 319488K, used 173657K [0x0000000080000000, 0x0000000100000000)
  region size 1024K, 34 young (34816K), 2 survivors (2048K)
 Metaspace       used 138563K, committed 139584K, reserved 1171456K
  class space    used 18321K, committed 18816K, reserved 1048576K
}

