# JRE version: OpenJDK Runtime Environment (17.0.6) (build 17.0.6+0-b2043.56-10027231)
# Java VM: OpenJDK 64-Bit Server VM (17.0.6+0-b2043.56-10027231, mixed mode, tiered, compressed oops, compressed class ptrs, g1 gc, windows-amd64)
GC Precious Log:
 CPUs: 4 total, 4 available
 Memory: 6069M
 Large Page Support: Disabled
 NUMA Support: Disabled
 Compressed Oops: Enabled (32-bit)
 Heap Region Size: 1M
 Heap Min Capacity: 8M
 Heap Initial Capacity: 96M
 Heap Max Capacity: 2G
 Pre-touch: Disabled
 Parallel Workers: 4
 Concurrent Workers: 1
 Concurrent Refinement Workers: 4
 Periodic GC: Disabled
Heap:
 garbage-first heap   total 358400K, used 200867K [0x0000000080000000, 0x0000000100000000)
  region size 1024K, 5 young (5120K), 5 survivors (5120K)
 Metaspace       used 141194K, committed 142336K, reserved 1179648K
  class space    used 18774K, committed 19328K, reserved 1048576K
GC Heap History (20 events):
Event: 1651.625 GC heap after
{Heap after GC invocations=61 (full 0):
 garbage-first heap   total 325632K, used 140331K [0x0000000080000000, 0x0000000100000000)
  region size 1024K, 1 young (1024K), 1 survivors (1024K)
 Metaspace       used 137256K, committed 138368K, reserved 1171456K
  class space    used 18216K, committed 18752K, reserved 1048576K
}
Event: 1655.371 GC heap before
{Heap before GC invocations=61 (full 0):
 garbage-first heap   total 325632K, used 181291K [0x0000000080000000, 0x0000000100000000)
  region size 1024K, 42 young (43008K), 1 survivors (1024K)
 Metaspace       used 138513K, committed 139712K, reserved 1171456K
  class space    used 18398K, committed 18944K, reserved 1048576K
}
Event: 1655.382 GC heap after
{Heap after GC invocations=62 (full 0):
 garbage-first heap   total 325632K, used 143995K [0x0000000080000000, 0x0000000100000000)
  region size 1024K, 5 young (5120K), 5 survivors (5120K)
 Metaspace       used 138513K, committed 139712K, reserved 1171456K
  class space    used 18398K, committed 18944K, reserved 1048576K
}
Event: 1660.362 GC heap before
{Heap before GC invocations=63 (full 0):
 garbage-first heap   total 325632K, used 294523K [0x0000000080000000, 0x0000000100000000)
  region size 1024K, 127 young (130048K), 5 survivors (5120K)
 Metaspace       used 141193K, committed 142336K, reserved 1179648K
  class space    used 18774K, committed 19328K, reserved 1048576K
}
Event: 1660.443 GC heap after
{Heap after GC invocations=64 (full 0):
 garbage-first heap   total 328704K, used 193870K [0x0000000080000000, 0x0000000100000000)
  region size 1024K, 16 young (16384K), 16 survivors (16384K)
 Metaspace       used 141193K, committed 142336K, reserved 1179648K
  class space    used 18774K, committed 19328K, reserved 1048576K
}
Event: 1660.451 GC heap before
{Heap before GC invocations=64 (full 0):
 garbage-first heap   total 328704K, used 194894K [0x0000000080000000, 0x0000000100000000)
  region size 1024K, 17 young (17408K), 16 survivors (16384K)
 Metaspace       used 141193K, committed 142336K, reserved 1179648K
  class space    used 18774K, committed 19328K, reserved 1048576K
}
Event: 1660.482 GC heap after
{Heap after GC invocations=65 (full 0):
 garbage-first heap   total 328704K, used 193536K [0x0000000080000000, 0x0000000100000000)
  region size 1024K, 2 young (2048K), 2 survivors (2048K)
 Metaspace       used 141193K, committed 142336K, reserved 1179648K
  class space    used 18774K, committed 19328K, reserved 1048576K
}
Event: 1662.264 GC heap before
{Heap before GC invocations=65 (full 0):
 garbage-first heap   total 328704K, used 263168K [0x0000000080000000, 0x0000000100000000)
  region size 1024K, 70 young (71680K), 2 survivors (2048K)
 Metaspace       used 141193K, committed 142336K, reserved 1179648K
  class space    used 18774K, committed 19328K, reserved 1048576K
}
Event: 1662.271 GC heap after
{Heap after GC invocations=66 (full 0):
 garbage-first heap   total 328704K, used 196165K [0x0000000080000000, 0x0000000100000000)
  region size 1024K, 5 young (5120K), 5 survivors (5120K)
 Metaspace       used 141193K, committed 142336K, reserved 1179648K
  class space    used 18774K, committed 19328K, reserved 1048576K
}
Event: 1665.607 GC heap before
{Heap before GC invocations=67 (full 0):
 garbage-first heap   total 358400K, used 265797K [0x0000000080000000, 0x0000000100000000)
  region size 1024K, 73 young (74752K), 5 survivors (5120K)
 Metaspace       used 141193K, committed 142336K, reserved 1179648K
  class space    used 18774K, committed 19328K, reserved 1048576K
}
Event: 1665.629 GC heap after
{Heap after GC invocations=68 (full 0):
 garbage-first heap   total 358400K, used 198044K [0x0000000080000000, 0x0000000100000000)
  region size 1024K, 7 young (7168K), 7 survivors (7168K)
 Metaspace       used 141193K, committed 142336K, reserved 1179648K
  class space    used 18774K, committed 19328K, reserved 1048576K
}
Event: 1665.959 GC heap before
{Heap before GC invocations=68 (full 0):
 garbage-first heap   total 358400K, used 208284K [0x0000000080000000, 0x0000000100000000)
  region size 1024K, 17 young (17408K), 7 survivors (7168K)
 Metaspace       used 141194K, committed 142336K, reserved 1179648K
  class space    used 18774K, committed 19328K, reserved 1048576K
}
Event: 1665.992 GC heap after
{Heap after GC invocations=69 (full 0):
 garbage-first heap   total 358400K, used 195175K [0x0000000080000000, 0x0000000100000000)
  region size 1024K, 3 young (3072K), 3 survivors (3072K)
 Metaspace       used 141194K, committed 142336K, reserved 1179648K
  class space    used 18774K, committed 19328K, reserved 1048576K
}
Event: 1669.028 GC heap before
{Heap before GC invocations=69 (full 0):
 garbage-first heap   total 358400K, used 290407K [0x0000000080000000, 0x0000000100000000)
  region size 1024K, 96 young (98304K), 3 survivors (3072K)
 Metaspace       used 141194K, committed 142336K, reserved 1179648K
  class space    used 18774K, committed 19328K, reserved 1048576K
}
Event: 1669.038 GC heap after
{Heap after GC invocations=70 (full 0):
 garbage-first heap   total 358400K, used 198032K [0x0000000080000000, 0x0000000100000000)
  region size 1024K, 6 young (6144K), 6 survivors (6144K)
 Metaspace       used 141194K, committed 142336K, reserved 1179648K
  class space    used 18774K, committed 19328K, reserved 1048576K
}
Event: 1670.887 GC heap before
{Heap before GC invocations=71 (full 0):
 garbage-first heap   total 358400K, used 294288K [0x0000000080000000, 0x0000000100000000)
  region size 1024K, 100 young (102400K), 6 survivors (6144K)
 Metaspace       used 141194K, committed 142336K, reserved 1179648K
  class space    used 18774K, committed 19328K, reserved 1048576K
}
Event: 1670.896 GC heap after
{Heap after GC invocations=72 (full 0):
 garbage-first heap   total 358400K, used 201039K [0x0000000080000000, 0x0000000100000000)
  region size 1024K, 9 young (9216K), 9 survivors (9216K)
 Metaspace       used 141194K, committed 142336K, reserved 1179648K
  class space    used 18774K, committed 19328K, reserved 1048576K
}
Event: 1670.969 GC heap before
{Heap before GC invocations=72 (full 0):
 garbage-first heap   total 358400K, used 209231K [0x0000000080000000, 0x0000000100000000)
  region size 1024K, 17 young (17408K), 9 survivors (9216K)
 Metaspace       used 141194K, committed 142336K, reserved 1179648K
  class space    used 18774K, committed 19328K, reserved 1048576K
}
Event: 1670.985 GC heap after
{Heap after GC invocations=73 (full 0):
 garbage-first heap   total 358400K, used 198834K [0x0000000080000000, 0x0000000100000000)
  region size 1024K, 3 young (3072K), 3 survivors (3072K)
 Metaspace       used 141194K, committed 142336K, reserved 1179648K
  class space    used 18774K, committed 19328K, reserved 1048576K
}
Event: 1671.986 GC heap before
{Heap before GC invocations=73 (full 0):
 garbage-first heap   total 358400K, used 262322K [0x0000000080000000, 0x0000000100000000)
  region size 1024K, 66 young (67584K), 3 survivors (3072K)
 Metaspace       used 141194K, committed 142336K, reserved 1179648K
  class space    used 18774K, committed 19328K, reserved 1048576K
}

